<?xml version="1.0" encoding="UTF-8"?>
<Site BuildName="Win32-mingw32-make"
	BuildStamp="20250419-0847-Experimental"
	Name="[NON-UTF-8-BYTE-0xB5][NON-UTF-8-BYTE-0xD4]һ[NON-UTF-8-BYTE-0xD3][NON-UTF-8-BYTE-0xD6]"
	Generator="ctest-4.0.0-rc2"
	CompilerName="C:/Program Files/RedPanda-Cpp/mingw64/bin/c++.exe"
	CompilerVersion="11.4.0"
	OSName="Windows"
	Hostname="[NON-UTF-8-BYTE-0xB5][NON-UTF-8-BYTE-0xD4]һ[NON-UTF-8-BYTE-0xD3][NON-UTF-8-BYTE-0xD6]"
	OSRelease=" Professional"
	OSVersion=" (Build 26100)"
	OSPlatform="AMD64"
	Is64Bits="1"
	VendorString="GenuineIntel"
	VendorID="Intel Corporation"
	FamilyID="6"
	ModelID="10"
	ModelName=""
	ProcessorCacheSize="-1"
	NumberOfLogicalCPU="16"
	NumberOfPhysicalCPU="12"
	TotalVirtualMemory="30872"
	TotalPhysicalMemory="16024"
	LogicalProcessorsPerPhysical="1"
	ProcessorClockFrequency="3187"
	>
	<Testing>
		<StartDateTime>Apr 19 17:11 [NON-UTF-8-BYTE-0xD6]й[NON-UTF-8-BYTE-0xFA][NON-UTF-8-BYTE-0xB1][NON-UTF-8-BYTE-0xEA]׼ʱ[NON-UTF-8-BYTE-0xBC][NON-UTF-8-BYTE-0xE4]</StartDateTime>
		<StartTestTime>1745053880</StartTestTime>
		<TestList/>
		<EndDateTime>Apr 19 17:11 [NON-UTF-8-BYTE-0xD6]й[NON-UTF-8-BYTE-0xFA][NON-UTF-8-BYTE-0xB1][NON-UTF-8-BYTE-0xEA]׼ʱ[NON-UTF-8-BYTE-0xBC][NON-UTF-8-BYTE-0xE4]</EndDateTime>
		<EndTestTime>1745053880</EndTestTime>
		<ElapsedMinutes>0</ElapsedMinutes>
	</Testing>
</Site>
